# JRE version: Java(TM) SE Runtime Environment (8.0_101-b13) (build 1.8.0_101-b13)
# Java VM: Java HotSpot(TM) 64-Bit Server VM (25.101-b13 mixed mode linux-amd64 compressed oops)
Heap:
 PSYoungGen      total 254464K, used 0K [0x00000000d6e00000, 0x00000000f2100000, 0x0000000100000000)
  eden space 108032K, 0% used [0x00000000d6e00000,0x00000000d6e00000,0x00000000dd780000)
  from space 146432K, 0% used [0x00000000dd780000,0x00000000dd780000,0x00000000e6680000)
  to   space 149504K, 0% used [0x00000000e8f00000,0x00000000e8f00000,0x00000000f2100000)
 ParOldGen       total 705024K, used 694224K [0x0000000084a00000, 0x00000000afa80000, 0x00000000d6e00000)
  object space 705024K, 98% used [0x0000000084a00000,0x00000000aeff42e0,0x00000000afa80000)
 Metaspace       used 5760K, capacity 6002K, committed 6144K, reserved 1056768K
  class space    used 625K, capacity 701K, committed 768K, reserved 1048576K
GC Heap History (10 events):
Event: 22.807 GC heap after
Heap after GC invocations=13 (full 3):
 PSYoungGen      total 197632K, used 116224K [0x00000000d6e00000, 0x00000000f2180000, 0x0000000100000000)
  eden space 81408K, 0% used [0x00000000d6e00000,0x00000000d6e00000,0x00000000dbd80000)
  from space 116224K, 100% used [0x00000000e5800000,0x00000000ec980000,0x00000000ec980000)
  to   space 158208K, 0% used [0x00000000dbd80000,0x00000000dbd80000,0x00000000e5800000)
 ParOldGen       total 450560K, used 356264K [0x0000000084a00000, 0x00000000a0200000, 0x00000000d6e00000)
  object space 450560K, 79% used [0x0000000084a00000,0x000000009a5ea098,0x00000000a0200000)
 Metaspace       used 5760K, capacity 6002K, committed 6144K, reserved 1056768K
  class space    used 625K, capacity 701K, committed 768K, reserved 1048576K
}
Event: 23.095 GC heap before
{Heap before GC invocations=14 (full 3):
 PSYoungGen      total 197632K, used 197632K [0x00000000d6e00000, 0x00000000f2180000, 0x0000000100000000)
  eden space 81408K, 100% used [0x00000000d6e00000,0x00000000dbd80000,0x00000000dbd80000)
  from space 116224K, 100% used [0x00000000e5800000,0x00000000ec980000,0x00000000ec980000)
  to   space 158208K, 0% used [0x00000000dbd80000,0x00000000dbd80000,0x00000000e5800000)
 ParOldGen       total 450560K, used 356264K [0x0000000084a00000, 0x00000000a0200000, 0x00000000d6e00000)
  object space 450560K, 79% used [0x0000000084a00000,0x000000009a5ea098,0x00000000a0200000)
 Metaspace       used 5760K, capacity 6002K, committed 6144K, reserved 1056768K
  class space    used 625K, capacity 701K, committed 768K, reserved 1048576K
Event: 24.181 GC heap after
Heap after GC invocations=14 (full 3):
 PSYoungGen      total 239616K, used 65920K [0x00000000d6e00000, 0x00000000f0480000, 0x0000000100000000)
  eden space 81408K, 0% used [0x00000000d6e00000,0x00000000d6e00000,0x00000000dbd80000)
  from space 158208K, 41% used [0x00000000dbd80000,0x00000000dfde0000,0x00000000e5800000)
  to   space 152064K, 0% used [0x00000000e7000000,0x00000000e7000000,0x00000000f0480000)
 ParOldGen       total 473088K, used 473032K [0x0000000084a00000, 0x00000000a1800000, 0x00000000d6e00000)
  object space 473088K, 99% used [0x0000000084a00000,0x00000000a17f2098,0x00000000a1800000)
 Metaspace       used 5760K, capacity 6002K, committed 6144K, reserved 1056768K
  class space    used 625K, capacity 701K, committed 768K, reserved 1048576K
}
Event: 24.181 GC heap before
{Heap before GC invocations=15 (full 4):
 PSYoungGen      total 239616K, used 65920K [0x00000000d6e00000, 0x00000000f0480000, 0x0000000100000000)
  eden space 81408K, 0% used [0x00000000d6e00000,0x00000000d6e00000,0x00000000dbd80000)
  from space 158208K, 41% used [0x00000000dbd80000,0x00000000dfde0000,0x00000000e5800000)
  to   space 152064K, 0% used [0x00000000e7000000,0x00000000e7000000,0x00000000f0480000)
 ParOldGen       total 473088K, used 473032K [0x0000000084a00000, 0x00000000a1800000, 0x00000000d6e00000)
  object space 473088K, 99% used [0x0000000084a00000,0x00000000a17f2098,0x00000000a1800000)
 Metaspace       used 5760K, capacity 6002K, committed 6144K, reserved 1056768K
  class space    used 625K, capacity 701K, committed 768K, reserved 1048576K
Event: 29.342 GC heap after
Heap after GC invocations=15 (full 4):
 PSYoungGen      total 239616K, used 64760K [0x00000000d6e00000, 0x00000000f0480000, 0x0000000100000000)
  eden space 81408K, 0% used [0x00000000d6e00000,0x00000000d6e00000,0x00000000dbd80000)
  from space 158208K, 40% used [0x00000000dbd80000,0x00000000dfcbe280,0x00000000e5800000)
  to   space 152064K, 0% used [0x00000000e7000000,0x00000000e7000000,0x00000000f0480000)
 ParOldGen       total 705024K, used 472891K [0x0000000084a00000, 0x00000000afa80000, 0x00000000d6e00000)
  object space 705024K, 67% used [0x0000000084a00000,0x00000000a17ceda0,0x00000000afa80000)
 Metaspace       used 5760K, capacity 6002K, committed 6144K, reserved 1056768K
  class space    used 625K, capacity 701K, committed 768K, reserved 1048576K
}
Event: 29.726 GC heap before
{Heap before GC invocations=16 (full 4):
 PSYoungGen      total 239616K, used 146168K [0x00000000d6e00000, 0x00000000f0480000, 0x0000000100000000)
  eden space 81408K, 100% used [0x00000000d6e00000,0x00000000dbd80000,0x00000000dbd80000)
  from space 158208K, 40% used [0x00000000dbd80000,0x00000000dfcbe280,0x00000000e5800000)
  to   space 152064K, 0% used [0x00000000e7000000,0x00000000e7000000,0x00000000f0480000)
 ParOldGen       total 705024K, used 472891K [0x0000000084a00000, 0x00000000afa80000, 0x00000000d6e00000)
  object space 705024K, 67% used [0x0000000084a00000,0x00000000a17ceda0,0x00000000afa80000)
 Metaspace       used 5760K, capacity 6002K, committed 6144K, reserved 1056768K
  class space    used 625K, capacity 701K, committed 768K, reserved 1048576K
Event: 30.256 GC heap after
Heap after GC invocations=16 (full 4):
 PSYoungGen      total 244736K, used 67200K [0x00000000d6e00000, 0x00000000ef580000, 0x0000000100000000)
  eden space 108032K, 0% used [0x00000000d6e00000,0x00000000d6e00000,0x00000000dd780000)
  from space 136704K, 49% used [0x00000000e7000000,0x00000000eb1a0000,0x00000000ef580000)
  to   space 146432K, 0% used [0x00000000dd780000,0x00000000dd780000,0x00000000e6680000)
 ParOldGen       total 705024K, used 538019K [0x0000000084a00000, 0x00000000afa80000, 0x00000000d6e00000)
  object space 705024K, 76% used [0x0000000084a00000,0x00000000a5768da0,0x00000000afa80000)
 Metaspace       used 5760K, capacity 6002K, committed 6144K, reserved 1056768K
  class space    used 625K, capacity 701K, committed 768K, reserved 1048576K
}
Event: 30.582 GC heap before
{Heap before GC invocations=17 (full 4):
 PSYoungGen      total 244736K, used 175232K [0x00000000d6e00000, 0x00000000ef580000, 0x0000000100000000)
  eden space 108032K, 100% used [0x00000000d6e00000,0x00000000dd780000,0x00000000dd780000)
  from space 136704K, 49% used [0x00000000e7000000,0x00000000eb1a0000,0x00000000ef580000)
  to   space 146432K, 0% used [0x00000000dd780000,0x00000000dd780000,0x00000000e6680000)
 ParOldGen       total 705024K, used 538019K [0x0000000084a00000, 0x00000000afa80000, 0x00000000d6e00000)
  object space 705024K, 76% used [0x0000000084a00000,0x00000000a5768da0,0x00000000afa80000)
 Metaspace       used 5760K, capacity 6002K, committed 6144K, reserved 1056768K
  class space    used 625K, capacity 701K, committed 768K, reserved 1048576K
Event: 31.486 GC heap after
Heap after GC invocations=17 (full 4):
 PSYoungGen      total 254464K, used 89728K [0x00000000d6e00000, 0x00000000f2100000, 0x0000000100000000)
  eden space 108032K, 0% used [0x00000000d6e00000,0x00000000d6e00000,0x00000000dd780000)
  from space 146432K, 61% used [0x00000000dd780000,0x00000000e2f20000,0x00000000e6680000)
  to   space 149504K, 0% used [0x00000000e8f00000,0x00000000e8f00000,0x00000000f2100000)
 ParOldGen       total 705024K, used 605483K [0x0000000084a00000, 0x00000000afa80000, 0x00000000d6e00000)
  object space 705024K, 85% used [0x0000000084a00000,0x00000000a994ada0,0x00000000afa80000)
 Metaspace       used 5760K, capacity 6002K, committed 6144K, reserved 1056768K
  class space    used 625K, capacity 701K, committed 768K, reserved 1048576K
}
Event: 31.487 GC heap before
{Heap before GC invocations=18 (full 5):
 PSYoungGen      total 254464K, used 89728K [0x00000000d6e00000, 0x00000000f2100000, 0x0000000100000000)
  eden space 108032K, 0% used [0x00000000d6e00000,0x00000000d6e00000,0x00000000dd780000)
  from space 146432K, 61% used [0x00000000dd780000,0x00000000e2f20000,0x00000000e6680000)
  to   space 149504K, 0% used [0x00000000e8f00000,0x00000000e8f00000,0x00000000f2100000)
 ParOldGen       total 705024K, used 605483K [0x0000000084a00000, 0x00000000afa80000, 0x00000000d6e00000)
  object space 705024K, 85% used [0x0000000084a00000,0x00000000a994ada0,0x00000000afa80000)
 Metaspace       used 5760K, capacity 6002K, committed 6144K, reserved 1056768K
  class space    used 625K, capacity 701K, committed 768K, reserved 1048576K

